<?xml version="1.0" encoding="UTF-8"?><testsuite errors="0" failures="0" name="com.petstore.testsuite.PetCRUDTest" skipped="0" tests="4" time="8.96" timestamp="2023-01-03T22:33:46.196Z[Europe/London]"><testcase classname="com.petstore.testsuite.PetCRUDTest" name="This will add a pet information"/><testcase classname="com.petstore.testsuite.PetCRUDTest" name="This will find pet information by petID"/><testcase classname="com.petstore.testsuite.PetCRUDTest" name="This will update pet information"/><testcase classname="com.petstore.testsuite.PetCRUDTest" name="Deleting pet info and verifying pet info is delted"/></testsuite>